TN:
SF:graphql\app.js
FN:12,(anonymous_0)
FN:23,startApollo
FNF:2
FNH:2
FNDA:6,(anonymous_0)
FNDA:1,startApollo
DA:1,1
DA:2,1
DA:3,1
DA:4,1
DA:6,1
DA:7,1
DA:9,1
DA:13,6
DA:14,6
DA:15,6
DA:16,2
DA:17,2
DA:19,6
DA:24,1
DA:25,1
DA:28,1
DA:30,1
LF:17
LH:17
BRDA:13,0,0,6
BRDA:13,0,1,4
BRDA:15,1,0,2
BRDA:15,1,1,4
BRF:4
BRH:4
end_of_record
TN:
SF:graphql\resolvers.js
FN:7,(anonymous_0)
FN:10,(anonymous_1)
FN:15,(anonymous_2)
FN:20,(anonymous_3)
FNF:4
FNH:3
FNDA:0,(anonymous_0)
FNDA:2,(anonymous_1)
FNDA:2,(anonymous_2)
FNDA:2,(anonymous_3)
DA:1,1
DA:2,1
DA:3,1
DA:5,1
DA:7,0
DA:11,2
DA:12,2
DA:13,2
DA:16,2
DA:17,2
DA:18,2
DA:21,2
DA:22,2
DA:23,2
DA:24,2
LF:15
LH:14
BRDA:12,0,0,0
BRDA:12,0,1,2
BRDA:17,1,0,0
BRDA:17,1,1,2
BRDA:22,2,0,0
BRDA:22,2,1,2
BRF:6
BRH:3
end_of_record
TN:
SF:graphql\schema.js
FNF:0
FNH:0
DA:1,1
DA:3,1
LF:2
LH:2
BRF:0
BRH:0
end_of_record
TN:
SF:rest\app.js
FNF:0
FNH:0
DA:1,1
DA:2,1
DA:3,1
DA:4,1
DA:5,1
DA:7,1
DA:8,1
DA:10,1
DA:11,1
DA:12,1
DA:14,1
LF:11
LH:11
BRF:0
BRH:0
end_of_record
TN:
SF:rest\swagger.js
FNF:0
FNH:0
DA:1,1
LF:1
LH:1
BRF:0
BRH:0
end_of_record
TN:
SF:rest\controllers\checkoutController.js
FN:4,(anonymous_0)
FNF:1
FNH:1
FNDA:3,(anonymous_0)
DA:1,1
DA:2,1
DA:4,1
DA:5,3
DA:6,3
DA:7,3
DA:9,2
DA:10,2
DA:11,2
DA:12,2
DA:14,0
LF:11
LH:10
BRDA:7,0,0,1
BRDA:7,0,1,2
BRF:2
BRH:2
end_of_record
TN:
SF:rest\controllers\userController.js
FN:3,(anonymous_0)
FN:10,(anonymous_1)
FNF:2
FNH:2
FNDA:6,(anonymous_0)
FNDA:5,(anonymous_1)
DA:1,1
DA:3,1
DA:4,6
DA:5,6
DA:6,6
DA:7,5
DA:10,1
DA:11,5
DA:12,5
DA:13,5
DA:14,3
LF:11
LH:11
BRDA:6,0,0,1
BRDA:6,0,1,5
BRDA:13,1,0,2
BRDA:13,1,1,3
BRF:4
BRH:4
end_of_record
TN:
SF:rest\routes\checkoutRoutes.js
FNF:0
FNH:0
DA:1,1
DA:2,1
DA:3,1
DA:5,1
DA:7,1
LF:5
LH:5
BRF:0
BRH:0
end_of_record
TN:
SF:rest\routes\userRoutes.js
FNF:0
FNH:0
DA:1,1
DA:2,1
DA:3,1
DA:5,1
DA:6,1
DA:8,1
LF:6
LH:6
BRF:0
BRH:0
end_of_record
TN:
SF:src\models\product.js
FNF:0
FNH:0
DA:1,1
DA:6,1
LF:2
LH:2
BRF:0
BRH:0
end_of_record
TN:
SF:src\models\user.js
FNF:0
FNH:0
DA:1,1
DA:6,1
LF:2
LH:2
BRF:0
BRH:0
end_of_record
TN:
SF:src\services\checkoutService.js
FN:4,calculateTotal
FN:7,(anonymous_1)
FN:18,checkout
FNF:3
FNH:3
FNDA:4,calculateTotal
FNDA:12,(anonymous_1)
FNDA:4,checkout
DA:1,1
DA:2,1
DA:5,4
DA:6,4
DA:7,12
DA:8,8
DA:9,8
DA:11,4
DA:12,4
DA:13,2
DA:15,4
DA:19,4
DA:20,0
DA:23,4
DA:24,4
DA:27,1
LF:16
LH:15
BRDA:8,0,0,0
BRDA:8,0,1,8
BRDA:12,1,0,2
BRDA:12,1,1,2
BRDA:19,2,0,0
BRDA:19,2,1,4
BRDA:19,3,0,4
BRDA:19,3,1,2
BRF:8
BRH:6
end_of_record
TN:
SF:src\services\userService.js
FN:5,findUserByEmail
FN:6,(anonymous_1)
FN:9,registerUser
FN:16,authenticate
FN:25,verifyToken
FNF:5
FNH:5
FNDA:11,findUserByEmail
FNDA:55,(anonymous_1)
FNDA:6,registerUser
FNDA:5,authenticate
FNDA:5,verifyToken
DA:1,1
DA:2,1
DA:3,1
DA:6,55
DA:10,6
DA:11,6
DA:12,6
DA:13,6
DA:17,5
DA:18,5
DA:19,4
DA:20,4
DA:22,1
DA:26,5
DA:27,5
DA:29,1
DA:33,1
LF:17
LH:17
BRDA:10,0,0,0
BRDA:10,0,1,6
BRDA:18,1,0,4
BRDA:18,1,1,1
BRDA:18,2,0,5
BRDA:18,2,1,5
BRF:6
BRH:5
end_of_record
